{
  "RSpec": {
    "coverage": {
      "/Users/flatironschool/Development/code/ttt/tic-tac-toe-rb-wdf-000/lib/tic_tac_toe.rb": [
        null,
        null,
        1,
        null,
        null,
        null,
        null,
        null,
        null,
        null,
        null,
        null,
        null,
        null,
        1,
        25,
        25,
        25,
        25,
        25,
        null,
        null,
        1,
        23,
        23,
        null,
        null,
        1,
        22,
        null,
        null,
        1,
        27,
        24,
        null,
        3,
        null,
        null,
        null,
        1,
        23,
        23,
        3,
        null,
        20,
        null,
        null,
        null,
        1,
        20,
        20,
        20,
        20,
        20,
        19,
        null,
        1,
        null,
        20,
        null,
        null,
        1,
        39,
        39,
        351,
        74,
        null,
        null,
        39,
        null,
        null,
        1,
        21,
        6,
        null,
        15,
        null,
        null,
        null,
        1,
        59,
        107,
        null,
        null,
        59,
        3,
        null,
        null,
        56,
        357,
        357,
        357,
        null,
        357,
        357,
        357,
        null,
        357,
        24,
        null,
        333,
        null,
        null,
        null,
        null,
        null,
        1,
        28,
        null,
        null,
        1,
        16,
        16,
        null,
        16,
        4,
        12,
        9,
        null,
        3,
        null,
        null,
        null,
        1,
        21,
        null,
        null,
        null,
        1,
        7,
        null,
        null,
        6,
        6,
        null,
        6,
        4,
        null,
        2,
        null,
        null,
        null,
        null,
        1,
        41,
        17,
        17,
        null,
        null,
        12,
        5,
        null,
        7,
        null,
        null,
        null,
        null,
        null,
        null,
        null,
        null,
        null,
        null,
        null,
        null,
        null,
        null,
        null,
        null,
        null,
        null,
        null,
        null,
        null,
        null,
        null
      ]
    },
    "timestamp": 1468000518
  }
}
